16:47:24 **** Incremental Build of configuration Debug for project uart_test ****
make all 
Building target: uart_test.elf
Invoking: MicroBlaze gcc linker
mb-gcc -Wl,-T -Wl,../src/lscript.ld -L../../standalone_bsp_0/microblaze_0/lib -mlittle-endian -mcpu=v9.4 -mxl-soft-mul -Wl,--no-relax -Wl,--gc-sections -o "uart_test.elf"  ./src/xuartlite_low_level_example.o   -Wl,--start-group,-lxil,-lgcc,-lc,--end-group
/opt/Xilinx/SDK/2015.2/gnu/microblaze/lin/bin/../lib/gcc/microblaze-xilinx-elf/4.9.2/../../../../microblaze-xilinx-elf/lib/le/libxil.a(print.o): In function `print':
(.text+0x20): undefined reference to `outbyte'
/opt/Xilinx/SDK/2015.2/gnu/microblaze/lin/bin/../lib/gcc/microblaze-xilinx-elf/4.9.2/../../../../microblaze-xilinx-elf/lib/le/libxil.a(read.o): In function `read':
(.text+0x24): undefined reference to `inbyte'
/opt/Xilinx/SDK/2015.2/gnu/microblaze/lin/bin/../lib/gcc/microblaze-xilinx-elf/4.9.2/../../../../microblaze-xilinx-elf/lib/le/libxil.a(write.o): In function `write':
(.text+0x2c): undefined reference to `outbyte'
/opt/Xilinx/SDK/2015.2/gnu/microblaze/lin/bin/../lib/gcc/microblaze-xilinx-elf/4.9.2/../../../../microblaze-xilinx-elf/lib/le/libxil.a(write.o): In function `write':
(.text+0x54): undefined reference to `outbyte'
/opt/Xilinx/SDK/2015.2/gnu/microblaze/lin/bin/../lib/gcc/microblaze-xilinx-elf/4.9.2/../../../../microblaze-xilinx-elf/lib/le/libxil.a(write.o): In function `write':
(.text+0x68): undefined reference to `outbyte'
./src/xuartlite_low_level_example.o: In function `main':
/home/pedro/proj/microblaze_command_processor/sdk/uart_test/Debug/../src/xuartlite_low_level_example.c:60: undefined reference to `XUartLite_RecvByte'
collect2: error: ld returned 1 exit status
make: *** [uart_test.elf] Error 1
16:58:32 **** Auto Build of project standalone_bsp_0 ****
make -k all 
Running Make include in microblaze_0/libsrc/bram_v4_0/src
make -C microblaze_0/libsrc/bram_v4_0/src -s include  "SHELL=/bin/sh" "COMPILER=mb-gcc" "ARCHIVER=mb-ar" "COMPILER_FLAGS= -O2 -c -mcpu=v9.4 -mlittle-endian -mxl-soft-mul" "EXTRA_COMPILER_FLAGS=-g -ffunction-sections -fdata-sections"
Running Make include in microblaze_0/libsrc/cpu_v2_2/src
make -C microblaze_0/libsrc/cpu_v2_2/src -s include  "SHELL=/bin/sh" "COMPILER=mb-gcc" "ARCHIVER=mb-ar" "COMPILER_FLAGS= -O2 -c -mcpu=v9.4 -mlittle-endian -mxl-soft-mul" "EXTRA_COMPILER_FLAGS=-g -ffunction-sections -fdata-sections"
Running Make include in microblaze_0/libsrc/gpio_v4_0/src
make -C microblaze_0/libsrc/gpio_v4_0/src -s include  "SHELL=/bin/sh" "COMPILER=mb-gcc" "ARCHIVER=mb-ar" "COMPILER_FLAGS= -O2 -c -mcpu=v9.4 -mlittle-endian -mxl-soft-mul" "EXTRA_COMPILER_FLAGS=-g -ffunction-sections -fdata-sections"
Running Make include in microblaze_0/libsrc/spi_v4_1/src
make -C microblaze_0/libsrc/spi_v4_1/src -s include  "SHELL=/bin/sh" "COMPILER=mb-gcc" "ARCHIVER=mb-ar" "COMPILER_FLAGS= -O2 -c -mcpu=v9.4 -mlittle-endian -mxl-soft-mul" "EXTRA_COMPILER_FLAGS=-g -ffunction-sections -fdata-sections"
Running Make include in microblaze_0/libsrc/standalone_v4_2/src
make -C microblaze_0/libsrc/standalone_v4_2/src -s include  "SHELL=/bin/sh" "COMPILER=mb-gcc" "ARCHIVER=mb-ar" "COMPILER_FLAGS= -O2 -c -mcpu=v9.4 -mlittle-endian -mxl-soft-mul" "EXTRA_COMPILER_FLAGS=-g -ffunction-sections -fdata-sections"
Running Make include in microblaze_0/libsrc/uartlite_v3_0/src
make -C microblaze_0/libsrc/uartlite_v3_0/src -s include  "SHELL=/bin/sh" "COMPILER=mb-gcc" "ARCHIVER=mb-ar" "COMPILER_FLAGS= -O2 -c -mcpu=v9.4 -mlittle-endian -mxl-soft-mul" "EXTRA_COMPILER_FLAGS=-g -ffunction-sections -fdata-sections"
Running Make libs in microblaze_0/libsrc/bram_v4_0/src
make -C microblaze_0/libsrc/bram_v4_0/src -s libs  "SHELL=/bin/sh" "COMPILER=mb-gcc" "ARCHIVER=mb-ar" "COMPILER_FLAGS= -O2 -c -mcpu=v9.4 -mlittle-endian -mxl-soft-mul" "EXTRA_COMPILER_FLAGS=-g -ffunction-sections -fdata-sections"
Compiling bram
mb-ar: ../../../lib/libxil.a: No such file or directory
make[1]: *** [libs] Error 1
Running Make libs in microblaze_0/libsrc/cpu_v2_2/src
make: *** [microblaze_0/libsrc/bram_v4_0/src/make.libs] Error 2
make -C microblaze_0/libsrc/cpu_v2_2/src -s libs  "SHELL=/bin/sh" "COMPILER=mb-gcc" "ARCHIVER=mb-ar" "COMPILER_FLAGS= -O2 -c -mcpu=v9.4 -mlittle-endian -mxl-soft-mul" "EXTRA_COMPILER_FLAGS=-g -ffunction-sections -fdata-sections"
Compiling cpu
Running Make libs in microblaze_0/libsrc/gpio_v4_0/src
make -C microblaze_0/libsrc/gpio_v4_0/src -s libs  "SHELL=/bin/sh" "COMPILER=mb-gcc" "ARCHIVER=mb-ar" "COMPILER_FLAGS= -O2 -c -mcpu=v9.4 -mlittle-endian -mxl-soft-mul" "EXTRA_COMPILER_FLAGS=-g -ffunction-sections -fdata-sections"
Compiling gpio
mb-ar: ../../../lib/libxil.a: No such file or directory
make[1]: *** [libs] Error 1
make: *** [microblaze_0/libsrc/cpu_v2_2/src/make.libs] Error 2
mb-ar: ../../../lib/libxil.a: No such file or directory
make[1]: *** [libs] Error 1
make: *** [microblaze_0/libsrc/gpio_v4_0/src/make.libs] Error 2
Running Make libs in microblaze_0/libsrc/spi_v4_1/src
make -C microblaze_0/libsrc/spi_v4_1/src -s libs  "SHELL=/bin/sh" "COMPILER=mb-gcc" "ARCHIVER=mb-ar" "COMPILER_FLAGS= -O2 -c -mcpu=v9.4 -mlittle-endian -mxl-soft-mul" "EXTRA_COMPILER_FLAGS=-g -ffunction-sections -fdata-sections"
Compiling spi
mb-ar: ../../../lib/libxil.a: No such file or directory
make[1]: *** [libs] Error 1
Running Make libs in microblaze_0/libsrc/standalone_v4_2/src
make: *** [microblaze_0/libsrc/spi_v4_1/src/make.libs] Error 2
make -C microblaze_0/libsrc/standalone_v4_2/src -s libs  "SHELL=/bin/sh" "COMPILER=mb-gcc" "ARCHIVER=mb-ar" "COMPILER_FLAGS= -O2 -c -mcpu=v9.4 -mlittle-endian -mxl-soft-mul" "EXTRA_COMPILER_FLAGS=-g -ffunction-sections -fdata-sections"
Compiling standalone
mb-ar: ../../../lib/libxil.a: No such file or directory
make[1]: *** [standalone_libs] Error 1
Running Make libs in microblaze_0/libsrc/uartlite_v3_0/src
make[1]: Target `libs' not remade because of errors.
make -C microblaze_0/libsrc/uartlite_v3_0/src -s libs  "SHELL=/bin/sh" "COMPILER=mb-gcc" "ARCHIVER=mb-ar" "COMPILER_FLAGS= -O2 -c -mcpu=v9.4 -mlittle-endian -mxl-soft-mul" "EXTRA_COMPILER_FLAGS=-g -ffunction-sections -fdata-sections"
make: *** [microblaze_0/libsrc/standalone_v4_2/src/make.libs] Error 2
Compiling uartlite
mb-ar: ../../../lib/libxil.a: No such file or directory
make[1]: *** [libs] Error 1
make: *** [microblaze_0/libsrc/uartlite_v3_0/src/make.libs] Error 2
make: Target `all' not remade because of errors.
16:58:33 **** Auto Build of configuration Debug for project spi_test ****
make all 
Building file: ../src/xspi_low_level_example.c
Invoking: MicroBlaze gcc compiler
mb-gcc -Wall -O0 -g3 -c -fmessage-length=0 -MT"src/xspi_low_level_example.o" -I../../standalone_bsp_0/microblaze_0/include -mlittle-endian -mcpu=v9.4 -mxl-soft-mul -Wl,--no-relax -ffunction-sections -fdata-sections -MMD -MP -MF"src/xspi_low_level_example.d" -MT"src/xspi_low_level_example.d" -o "src/xspi_low_level_example.o" "../src/xspi_low_level_example.c"
Finished building: ../src/xspi_low_level_example.c
 
Building target: spi_test.elf
Invoking: MicroBlaze gcc linker
mb-gcc -Wl,-T -Wl,../src/lscript.ld -L../../standalone_bsp_0/microblaze_0/lib -mlittle-endian -mcpu=v9.4 -mxl-soft-mul -Wl,--no-relax -Wl,--gc-sections -o "spi_test.elf"  ./src/xspi_low_level_example.o   -Wl,--start-group,-lxil,-lgcc,-lc,--end-group
Finished building target: spi_test.elf
 
Invoking: MicroBlaze Print Size
mb-size spi_test.elf  |tee "spi_test.elf.size"
   text	   data	    bss	    dec	    hex	filename
   2376	    260	   2148	   4784	   12b0	spi_test.elf
Finished building: spi_test.elf.size
 
16:58:33 **** Auto Build of configuration Debug for project uart_test ****
make all 
Building file: ../src/xuartlite_low_level_example.c
Invoking: MicroBlaze gcc compiler
mb-gcc -Wall -O0 -g3 -c -fmessage-length=0 -MT"src/xuartlite_low_level_example.o" -I../../standalone_bsp_0/microblaze_0/include -mlittle-endian -mcpu=v9.4 -mxl-soft-mul -Wl,--no-relax -ffunction-sections -fdata-sections -MMD -MP -MF"src/xuartlite_low_level_example.d" -MT"src/xuartlite_low_level_example.d" -o "src/xuartlite_low_level_example.o" "../src/xuartlite_low_level_example.c"
Finished building: ../src/xuartlite_low_level_example.c
 
Building target: uart_test.elf
Invoking: MicroBlaze gcc linker
mb-gcc -Wl,-T -Wl,../src/lscript.ld -L../../standalone_bsp_0/microblaze_0/lib -mlittle-endian -mcpu=v9.4 -mxl-soft-mul -Wl,--no-relax -Wl,--gc-sections -o "uart_test.elf"  ./src/xuartlite_low_level_example.o   -Wl,--start-group,-lxil,-lgcc,-lc,--end-group
/opt/Xilinx/SDK/2015.2/gnu/microblaze/lin/bin/../lib/gcc/microblaze-xilinx-elf/4.9.2/../../../../microblaze-xilinx-elf/lib/le/libxil.a(print.o): In function `print':
(.text+0x20): undefined reference to `outbyte'
/opt/Xilinx/SDK/2015.2/gnu/microblaze/lin/bin/../lib/gcc/microblaze-xilinx-elf/4.9.2/../../../../microblaze-xilinx-elf/lib/le/libxil.a(read.o): In function `read':
(.text+0x24): undefined reference to `inbyte'
/opt/Xilinx/SDK/2015.2/gnu/microblaze/lin/bin/../lib/gcc/microblaze-xilinx-elf/4.9.2/../../../../microblaze-xilinx-elf/lib/le/libxil.a(write.o): In function `write':
(.text+0x2c): undefined reference to `outbyte'
/opt/Xilinx/SDK/2015.2/gnu/microblaze/lin/bin/../lib/gcc/microblaze-xilinx-elf/4.9.2/../../../../microblaze-xilinx-elf/lib/le/libxil.a(write.o): In function `write':
(.text+0x54): undefined reference to `outbyte'
/opt/Xilinx/SDK/2015.2/gnu/microblaze/lin/bin/../lib/gcc/microblaze-xilinx-elf/4.9.2/../../../../microblaze-xilinx-elf/lib/le/libxil.a(write.o): In function `write':
(.text+0x68): undefined reference to `outbyte'
./src/xuartlite_low_level_example.o: In function `main':
/home/pedro/proj/microblaze_command_processor/sdk/uart_test/Debug/../src/xuartlite_low_level_example.c:60: undefined reference to `XUartLite_RecvByte'
collect2: error: ld returned 1 exit status
make: *** [uart_test.elf] Error 1
16:59:14 **** Incremental Build of configuration Debug for project spi_test ****
make all 
make: Nothing to be done for `all'.
16:59:14 **** Incremental Build of configuration Debug for project uart_test ****
make all 
Building target: uart_test.elf
Invoking: MicroBlaze gcc linker
mb-gcc -Wl,-T -Wl,../src/lscript.ld -L../../standalone_bsp_0/microblaze_0/lib -mlittle-endian -mcpu=v9.4 -mxl-soft-mul -Wl,--no-relax -Wl,--gc-sections -o "uart_test.elf"  ./src/xuartlite_low_level_example.o   -Wl,--start-group,-lxil,-lgcc,-lc,--end-group
/opt/Xilinx/SDK/2015.2/gnu/microblaze/lin/bin/../lib/gcc/microblaze-xilinx-elf/4.9.2/../../../../microblaze-xilinx-elf/lib/le/libxil.a(print.o): In function `print':
(.text+0x20): undefined reference to `outbyte'
/opt/Xilinx/SDK/2015.2/gnu/microblaze/lin/bin/../lib/gcc/microblaze-xilinx-elf/4.9.2/../../../../microblaze-xilinx-elf/lib/le/libxil.a(read.o): In function `read':
(.text+0x24): undefined reference to `inbyte'
/opt/Xilinx/SDK/2015.2/gnu/microblaze/lin/bin/../lib/gcc/microblaze-xilinx-elf/4.9.2/../../../../microblaze-xilinx-elf/lib/le/libxil.a(write.o): In function `write':
(.text+0x2c): undefined reference to `outbyte'
/opt/Xilinx/SDK/2015.2/gnu/microblaze/lin/bin/../lib/gcc/microblaze-xilinx-elf/4.9.2/../../../../microblaze-xilinx-elf/lib/le/libxil.a(write.o): In function `write':
(.text+0x54): undefined reference to `outbyte'
/opt/Xilinx/SDK/2015.2/gnu/microblaze/lin/bin/../lib/gcc/microblaze-xilinx-elf/4.9.2/../../../../microblaze-xilinx-elf/lib/le/libxil.a(write.o): In function `write':
(.text+0x68): undefined reference to `outbyte'
./src/xuartlite_low_level_example.o: In function `main':
/home/pedro/proj/microblaze_command_processor/sdk/uart_test/Debug/../src/xuartlite_low_level_example.c:60: undefined reference to `XUartLite_RecvByte'
collect2: error: ld returned 1 exit status
make: *** [uart_test.elf] Error 1
